Determining if the pthread_create exist failed with the following output:
Change Dir: /home/wego/wego_ws/build/CMakeFiles/CMakeTmp

Run Build Command:"/usr/bin/make" "cmTC_054de/fast"
/usr/bin/make -f CMakeFiles/cmTC_054de.dir/build.make CMakeFiles/cmTC_054de.dir/build
make[1]: Entering directory '/home/wego/wego_ws/build/CMakeFiles/CMakeTmp'
Building C object CMakeFiles/cmTC_054de.dir/CheckSymbolExists.c.o
/usr/bin/cc    -o CMakeFiles/cmTC_054de.dir/CheckSymbolExists.c.o   -c /home/wego/wego_ws/build/CMakeFiles/CMakeTmp/CheckSymbolExists.c
Linking C executable cmTC_054de
/usr/bin/cmake -E cmake_link_script CMakeFiles/cmTC_054de.dir/link.txt --verbose=1
/usr/bin/cc      -rdynamic CMakeFiles/cmTC_054de.dir/CheckSymbolExists.c.o  -o cmTC_054de 
CMakeFiles/cmTC_054de.dir/CheckSymbolExists.c.o: In function `main':
CheckSymbolExists.c:(.text+0x1b): undefined reference to `pthread_create'
collect2: error: ld returned 1 exit status
CMakeFiles/cmTC_054de.dir/build.make:97: recipe for target 'cmTC_054de' failed
make[1]: *** [cmTC_054de] Error 1
make[1]: Leaving directory '/home/wego/wego_ws/build/CMakeFiles/CMakeTmp'
Makefile:126: recipe for target 'cmTC_054de/fast' failed
make: *** [cmTC_054de/fast] Error 2

File /home/wego/wego_ws/build/CMakeFiles/CMakeTmp/CheckSymbolExists.c:
/* */
#include <pthread.h>

int main(int argc, char** argv)
{
  (void)argv;
#ifndef pthread_create
  return ((int*)(&pthread_create))[argc];
#else
  (void)argc;
  return 0;
#endif
}

Determining if the function pthread_create exists in the pthreads failed with the following output:
Change Dir: /home/wego/wego_ws/build/CMakeFiles/CMakeTmp

Run Build Command:"/usr/bin/make" "cmTC_ace99/fast"
/usr/bin/make -f CMakeFiles/cmTC_ace99.dir/build.make CMakeFiles/cmTC_ace99.dir/build
make[1]: Entering directory '/home/wego/wego_ws/build/CMakeFiles/CMakeTmp'
Building C object CMakeFiles/cmTC_ace99.dir/CheckFunctionExists.c.o
/usr/bin/cc   -DCHECK_FUNCTION_EXISTS=pthread_create   -o CMakeFiles/cmTC_ace99.dir/CheckFunctionExists.c.o   -c /usr/share/cmake-3.10/Modules/CheckFunctionExists.c
Linking C executable cmTC_ace99
/usr/bin/cmake -E cmake_link_script CMakeFiles/cmTC_ace99.dir/link.txt --verbose=1
/usr/bin/cc  -DCHECK_FUNCTION_EXISTS=pthread_create    -rdynamic CMakeFiles/cmTC_ace99.dir/CheckFunctionExists.c.o  -o cmTC_ace99 -lpthreads 
/usr/bin/ld: cannot find -lpthreads
collect2: error: ld returned 1 exit status
CMakeFiles/cmTC_ace99.dir/build.make:97: recipe for target 'cmTC_ace99' failed
make[1]: *** [cmTC_ace99] Error 1
make[1]: Leaving directory '/home/wego/wego_ws/build/CMakeFiles/CMakeTmp'
Makefile:126: recipe for target 'cmTC_ace99/fast' failed
make: *** [cmTC_ace99/fast] Error 2


